<?xml version="1.0" encoding="UTF-8"?>
<testsuite xmlns:xsi="http://www.w3.org/2001/XMLSchema-instance" xsi:noNamespaceSchemaLocation="https://maven.apache.org/surefire/maven-surefire-plugin/xsd/surefire-test-report.xsd" version="3.0.2" name="org.example.underwritingpolicyservice.UnderwritingPolicyServiceApplicationTests" time="9.757" tests="1" errors="0" skipped="0" failures="0">
  <properties>
[...]
</properties>
  <testcase name="contextLoads" classname="org.example.underwritingpolicyservice.UnderwritingPolicyServiceApplicationTests" time="0.04">
    <system-out><![CDATA[16:01:39.671 [main] INFO org.springframework.test.context.support.AnnotationConfigContextLoaderUtils -- Could not detect default configuration classes for test class [org.example.underwritingpolicyservice.UnderwritingPolicyServiceApplicationTests]: UnderwritingPolicyServiceApplicationTests does not declare any static, non-private, non-final, nested classes annotated with @Configuration.
16:01:39.997 [main] INFO org.springframework.boot.test.context.SpringBootTestContextBootstrapper -- Found @SpringBootConfiguration org.example.underwritingpolicyservice.UnderwritingPolicyServiceApplication for test class org.example.underwritingpolicyservice.UnderwritingPolicyServiceApplicationTests

  .   ____          _            __ _ _
 /\\ / ___'_ __ _ _(_)_ __  __ _ \ \ \ \
( ( )\___ | '_ | '_| | '_ \/ _` | \ \ \ \
 \\/  ___)| |_)| | | | | || (_| |  ) ) ) )
  '  |____| .__|_| |_|_| |_\__, | / / / /
 =========|_|==============|___/=/_/_/_/

 :: Spring Boot ::                (v3.5.5)

2026-09-20T16:01:41.482+05:30  INFO 33672 --- [UNDERWRITING-POLICY-SERVICE] [           main] nderwritingPolicyServiceApplicationTests : Starting UnderwritingPolicyServiceApplicationTests using Java 17.0.19 with PID 33672 (started by SV13472 in C:\Users\SV13472\OneDrive - The Hartford\Documents\major\UnderwritingPolicyService)
2026-09-20T16:01:41.485+05:30  INFO 33672 --- [UNDERWRITING-POLICY-SERVICE] [           main] nderwritingPolicyServiceApplicationTests : No active profile set, falling back to 1 default profile: "default"
2026-09-20T16:01:43.389+05:30  INFO 33672 --- [UNDERWRITING-POLICY-SERVICE] [           main] .s.d.r.c.RepositoryConfigurationDelegate : Bootstrapping Spring Data R2DBC repositories in DEFAULT mode.
2026-09-20T16:01:43.488+05:30  INFO 33672 --- [UNDERWRITING-POLICY-SERVICE] [           main] .s.d.r.c.RepositoryConfigurationDelegate : Finished Spring Data repository scanning in 88 ms. Found 1 R2DBC repository interface.
2026-09-20T16:01:43.848+05:30  INFO 33672 --- [UNDERWRITING-POLICY-SERVICE] [           main] o.s.cloud.context.scope.GenericScope     : BeanFactory id=62bb6294-e4a2-3c9e-870c-4e0b54751541
2026-09-20T16:01:45.297+05:30  INFO 33672 --- [UNDERWRITING-POLICY-SERVICE] [           main] ctiveUserDetailsServiceAutoConfiguration : 

Using generated security password: 2be5547b-6367-4cf6-b2a1-be36a20a82e8

2026-09-20T16:01:46.877+05:30  INFO 33672 --- [UNDERWRITING-POLICY-SERVICE] [           main] o.s.b.a.e.web.EndpointLinksResolver      : Exposing 3 endpoints beneath base path '/actuator'
2026-09-20T16:01:48.356+05:30  INFO 33672 --- [UNDERWRITING-POLICY-SERVICE] [           main] DiscoveryClientOptionalArgsConfiguration : Eureka HTTP Client uses RestTemplate.
2026-09-20T16:01:48.430+05:30  WARN 33672 --- [UNDERWRITING-POLICY-SERVICE] [           main] iguration$LoadBalancerCaffeineWarnLogger : Spring Cloud LoadBalancer is currently working with the default cache. While this cache implementation is useful for development and tests, it's recommended to use Caffeine cache in production.You can switch to using Caffeine cache, by adding it and org.springframework.cache.caffeine.CaffeineCacheManager to the classpath.
2026-09-20T16:01:48.569+05:30  INFO 33672 --- [UNDERWRITING-POLICY-SERVICE] [           main] o.s.c.n.eureka.InstanceInfoFactory       : Setting initial instance status as: STARTING
2026-09-20T16:01:48.618+05:30  INFO 33672 --- [UNDERWRITING-POLICY-SERVICE] [           main] com.netflix.discovery.DiscoveryClient    : Initializing Eureka in region us-east-1
2026-09-20T16:01:48.628+05:30  INFO 33672 --- [UNDERWRITING-POLICY-SERVICE] [           main] c.n.d.s.r.aws.ConfigClusterResolver      : Resolving eureka endpoints via configuration
2026-09-20T16:01:48.645+05:30  INFO 33672 --- [UNDERWRITING-POLICY-SERVICE] [           main] com.netflix.discovery.DiscoveryClient    : Disable delta property : false
2026-09-20T16:01:48.646+05:30  INFO 33672 --- [UNDERWRITING-POLICY-SERVICE] [           main] com.netflix.discovery.DiscoveryClient    : Single vip registry refresh property : null
2026-09-20T16:01:48.646+05:30  INFO 33672 --- [UNDERWRITING-POLICY-SERVICE] [           main] com.netflix.discovery.DiscoveryClient    : Force full registry fetch : false
2026-09-20T16:01:48.646+05:30  INFO 33672 --- [UNDERWRITING-POLICY-SERVICE] [           main] com.netflix.discovery.DiscoveryClient    : Application is null : false
2026-09-20T16:01:48.646+05:30  INFO 33672 --- [UNDERWRITING-POLICY-SERVICE] [           main] com.netflix.discovery.DiscoveryClient    : Registered Applications size is zero : true
2026-09-20T16:01:48.646+05:30  INFO 33672 --- [UNDERWRITING-POLICY-SERVICE] [           main] com.netflix.discovery.DiscoveryClient    : Application version is -1: true
2026-09-20T16:01:48.646+05:30  INFO 33672 --- [UNDERWRITING-POLICY-SERVICE] [           main] com.netflix.discovery.DiscoveryClient    : Getting all instance registry info from the eureka server
2026-09-20T16:01:49.159+05:30  INFO 33672 --- [UNDERWRITING-POLICY-SERVICE] [           main] com.netflix.discovery.DiscoveryClient    : The response status is 200
2026-09-20T16:01:49.162+05:30  INFO 33672 --- [UNDERWRITING-POLICY-SERVICE] [           main] com.netflix.discovery.DiscoveryClient    : Starting heartbeat executor: renew interval is: 30
2026-09-20T16:01:49.166+05:30  INFO 33672 --- [UNDERWRITING-POLICY-SERVICE] [           main] c.n.discovery.InstanceInfoReplicator     : InstanceInfoReplicator onDemand update allowed rate per min is 4
2026-09-20T16:01:49.169+05:30  INFO 33672 --- [UNDERWRITING-POLICY-SERVICE] [           main] com.netflix.discovery.DiscoveryClient    : Discovery Client initialized at timestamp 1789900309168 with initial instances count: 1
2026-09-20T16:01:49.173+05:30  INFO 33672 --- [UNDERWRITING-POLICY-SERVICE] [           main] o.s.c.n.e.s.EurekaServiceRegistry        : Registering application UNDERWRITING-POLICY-SERVICE with eureka with status UP
2026-09-20T16:01:49.174+05:30  INFO 33672 --- [UNDERWRITING-POLICY-SERVICE] [           main] com.netflix.discovery.DiscoveryClient    : Saw local status change event StatusChangeEvent [timestamp=1789900309174, current=UP, previous=STARTING]
2026-09-20T16:01:49.176+05:30  INFO 33672 --- [UNDERWRITING-POLICY-SERVICE] [foReplicator-%d] com.netflix.discovery.DiscoveryClient    : DiscoveryClient_UNDERWRITING-POLICY-SERVICE/UNDERWRITING-POLICY-SERVICE:8083: registering service...
2026-09-20T16:01:49.191+05:30  INFO 33672 --- [UNDERWRITING-POLICY-SERVICE] [           main] nderwritingPolicyServiceApplicationTests : Started UnderwritingPolicyServiceApplicationTests in 8.712 seconds (process running for 14.418)
2026-09-20T16:01:49.222+05:30  INFO 33672 --- [UNDERWRITING-POLICY-SERVICE] [foReplicator-%d] com.netflix.discovery.DiscoveryClient    : DiscoveryClient_UNDERWRITING-POLICY-SERVICE/UNDERWRITING-POLICY-SERVICE:8083 - registration status: 204
]]></system-out>
  </testcase>
</testsuite>